Mon Nov 06 2023 12:11:10 EST - Load screen - Reseting load screen 
Mon Nov 06 2023 16:18:32 EST - Character creation screen - Empty character generated 
Mon Nov 06 2023 16:18:32 EST - Dice roll - character creation - About to roll for points to spend on character creation 
Mon Nov 06 2023 16:18:32 EST - Dice roll - dice count - About to roll 1d20 
Mon Nov 06 2023 16:18:32 EST - Dice roll - result - Rolled a 10 
Mon Nov 06 2023 16:18:32 EST - Character creation screen - 10 points to spend on character just generated 
Mon Nov 06 2023 16:18:33 EST - Character creation screen - Empty character generated 
Mon Nov 06 2023 16:18:33 EST - Dice roll - character creation - About to roll for points to spend on character creation 
Mon Nov 06 2023 16:18:33 EST - Dice roll - dice count - About to roll 1d20 
Mon Nov 06 2023 16:18:33 EST - Dice roll - result - Rolled a 11 
Mon Nov 06 2023 16:18:33 EST - Character creation screen - 11 points to spend on character just generated 
Mon Nov 06 2023 16:18:33 EST - Character creation screen - Empty character generated 
Mon Nov 06 2023 16:18:33 EST - Dice roll - character creation - About to roll for points to spend on character creation 
Mon Nov 06 2023 16:18:33 EST - Dice roll - dice count - About to roll 1d20 
Mon Nov 06 2023 16:18:33 EST - Dice roll - result - Rolled a 13 
Mon Nov 06 2023 16:18:33 EST - Character creation screen - 13 points to spend on character just generated 
Mon Nov 06 2023 16:18:34 EST - Character creation screen - Empty character generated 
Mon Nov 06 2023 16:18:34 EST - Dice roll - character creation - About to roll for points to spend on character creation 
Mon Nov 06 2023 16:18:34 EST - Dice roll - dice count - About to roll 1d20 
Mon Nov 06 2023 16:18:34 EST - Dice roll - result - Rolled a 9 
Mon Nov 06 2023 16:18:34 EST - Character creation screen - 9 points to spend on character just generated 
Mon Nov 06 2023 16:18:34 EST - Character creation screen - Empty character generated 
Mon Nov 06 2023 16:18:34 EST - Dice roll - character creation - About to roll for points to spend on character creation 
Mon Nov 06 2023 16:18:34 EST - Dice roll - dice count - About to roll 1d20 
Mon Nov 06 2023 16:18:34 EST - Dice roll - result - Rolled a 13 
Mon Nov 06 2023 16:18:34 EST - Character creation screen - 13 points to spend on character just generated 
Mon Nov 06 2023 16:18:34 EST - Character creation screen - Empty character generated 
Mon Nov 06 2023 16:18:34 EST - Dice roll - character creation - About to roll for points to spend on character creation 
Mon Nov 06 2023 16:18:34 EST - Dice roll - dice count - About to roll 1d20 
Mon Nov 06 2023 16:18:34 EST - Dice roll - result - Rolled a 19 
Mon Nov 06 2023 16:18:34 EST - Character creation screen - 19 points to spend on character just generated 
Mon Nov 06 2023 16:18:34 EST - Character creation screen - Empty character generated 
Mon Nov 06 2023 16:18:34 EST - Dice roll - character creation - About to roll for points to spend on character creation 
Mon Nov 06 2023 16:18:34 EST - Dice roll - dice count - About to roll 1d20 
Mon Nov 06 2023 16:18:34 EST - Dice roll - result - Rolled a 4 
Mon Nov 06 2023 16:18:34 EST - Character creation screen - 4 points to spend on character just generated 
Mon Nov 06 2023 16:18:41 EST - Character creation screen - Empty character generated 
Mon Nov 06 2023 16:18:41 EST - Dice roll - character creation - About to roll for points to spend on character creation 
Mon Nov 06 2023 16:18:41 EST - Dice roll - dice count - About to roll 1d20 
Mon Nov 06 2023 16:18:41 EST - Dice roll - result - Rolled a 4 
Mon Nov 06 2023 16:18:41 EST - Character creation screen - 4 points to spend on character just generated 
Mon Nov 06 2023 16:18:41 EST - Character creation screen - Empty character generated 
Mon Nov 06 2023 16:18:41 EST - Dice roll - character creation - About to roll for points to spend on character creation 
Mon Nov 06 2023 16:18:41 EST - Dice roll - dice count - About to roll 1d20 
Mon Nov 06 2023 16:18:41 EST - Dice roll - result - Rolled a 6 
Mon Nov 06 2023 16:18:41 EST - Character creation screen - 6 points to spend on character just generated 
Mon Nov 06 2023 16:18:42 EST - Character creation screen - Empty character generated 
Mon Nov 06 2023 16:18:42 EST - Dice roll - character creation - About to roll for points to spend on character creation 
Mon Nov 06 2023 16:18:42 EST - Dice roll - dice count - About to roll 1d20 
Mon Nov 06 2023 16:18:42 EST - Dice roll - result - Rolled a 11 
Mon Nov 06 2023 16:18:42 EST - Character creation screen - 11 points to spend on character just generated 
Mon Nov 06 2023 16:18:42 EST - Character creation screen - Empty character generated 
Mon Nov 06 2023 16:18:42 EST - Dice roll - character creation - About to roll for points to spend on character creation 
Mon Nov 06 2023 16:18:42 EST - Dice roll - dice count - About to roll 1d20 
Mon Nov 06 2023 16:18:42 EST - Dice roll - result - Rolled a 5 
Mon Nov 06 2023 16:18:42 EST - Character creation screen - 5 points to spend on character just generated 
Mon Nov 06 2023 16:18:42 EST - Character creation screen - Empty character generated 
Mon Nov 06 2023 16:18:42 EST - Dice roll - character creation - About to roll for points to spend on character creation 
Mon Nov 06 2023 16:18:42 EST - Dice roll - dice count - About to roll 1d20 
Mon Nov 06 2023 16:18:42 EST - Dice roll - result - Rolled a 16 
Mon Nov 06 2023 16:18:42 EST - Character creation screen - 16 points to spend on character just generated 
Mon Nov 06 2023 16:18:42 EST - Character creation screen - Empty character generated 
Mon Nov 06 2023 16:18:42 EST - Dice roll - character creation - About to roll for points to spend on character creation 
Mon Nov 06 2023 16:18:42 EST - Dice roll - dice count - About to roll 1d20 
Mon Nov 06 2023 16:18:42 EST - Dice roll - result - Rolled a 17 
Mon Nov 06 2023 16:18:42 EST - Character creation screen - 17 points to spend on character just generated 
Mon Nov 06 2023 16:18:43 EST - Character creation screen - Empty character generated 
Mon Nov 06 2023 16:18:43 EST - Dice roll - character creation - About to roll for points to spend on character creation 
Mon Nov 06 2023 16:18:43 EST - Dice roll - dice count - About to roll 1d20 
Mon Nov 06 2023 16:18:43 EST - Dice roll - result - Rolled a 3 
Mon Nov 06 2023 16:18:43 EST - Character creation screen - 3 points to spend on character just generated 
Mon Nov 06 2023 16:18:44 EST - Character creation screen - Empty character generated 
Mon Nov 06 2023 16:18:44 EST - Dice roll - character creation - About to roll for points to spend on character creation 
Mon Nov 06 2023 16:18:44 EST - Dice roll - dice count - About to roll 1d20 
Mon Nov 06 2023 16:18:44 EST - Dice roll - result - Rolled a 6 
Mon Nov 06 2023 16:18:44 EST - Character creation screen - 6 points to spend on character just generated 
Mon Nov 06 2023 16:18:44 EST - Character creation screen - Empty character generated 
Mon Nov 06 2023 16:18:44 EST - Dice roll - character creation - About to roll for points to spend on character creation 
Mon Nov 06 2023 16:18:44 EST - Dice roll - dice count - About to roll 1d20 
Mon Nov 06 2023 16:18:44 EST - Dice roll - result - Rolled a 6 
Mon Nov 06 2023 16:18:44 EST - Character creation screen - 6 points to spend on character just generated 
Mon Nov 06 2023 16:18:44 EST - Character creation screen - Empty character generated 
Mon Nov 06 2023 16:18:44 EST - Dice roll - character creation - About to roll for points to spend on character creation 
Mon Nov 06 2023 16:18:44 EST - Dice roll - dice count - About to roll 1d20 
Mon Nov 06 2023 16:18:44 EST - Dice roll - result - Rolled a 8 
Mon Nov 06 2023 16:18:44 EST - Character creation screen - 8 points to spend on character just generated 
Mon Nov 06 2023 16:18:45 EST - Character creation screen - Empty character generated 
Mon Nov 06 2023 16:18:45 EST - Dice roll - character creation - About to roll for points to spend on character creation 
Mon Nov 06 2023 16:18:45 EST - Dice roll - dice count - About to roll 1d20 
Mon Nov 06 2023 16:18:45 EST - Dice roll - result - Rolled a 9 
Mon Nov 06 2023 16:18:45 EST - Character creation screen - 9 points to spend on character just generated 
Mon Nov 06 2023 16:18:45 EST - Character creation screen - Empty character generated 
Mon Nov 06 2023 16:18:45 EST - Dice roll - character creation - About to roll for points to spend on character creation 
Mon Nov 06 2023 16:18:45 EST - Dice roll - dice count - About to roll 1d20 
Mon Nov 06 2023 16:18:45 EST - Dice roll - result - Rolled a 10 
Mon Nov 06 2023 16:18:45 EST - Character creation screen - 10 points to spend on character just generated 
Mon Nov 06 2023 16:18:45 EST - Character creation screen - Empty character generated 
Mon Nov 06 2023 16:18:45 EST - Dice roll - character creation - About to roll for points to spend on character creation 
Mon Nov 06 2023 16:18:45 EST - Dice roll - dice count - About to roll 1d20 
Mon Nov 06 2023 16:18:45 EST - Dice roll - result - Rolled a 15 
Mon Nov 06 2023 16:18:45 EST - Character creation screen - 15 points to spend on character just generated 
Mon Nov 06 2023 16:18:46 EST - Character creation screen - Empty character generated 
Mon Nov 06 2023 16:18:46 EST - Dice roll - character creation - About to roll for points to spend on character creation 
Mon Nov 06 2023 16:18:46 EST - Dice roll - dice count - About to roll 1d20 
Mon Nov 06 2023 16:18:46 EST - Dice roll - result - Rolled a 7 
Mon Nov 06 2023 16:18:46 EST - Character creation screen - 7 points to spend on character just generated 
Mon Nov 06 2023 16:18:46 EST - Character creation screen - Empty character generated 
Mon Nov 06 2023 16:18:46 EST - Dice roll - character creation - About to roll for points to spend on character creation 
Mon Nov 06 2023 16:18:46 EST - Dice roll - dice count - About to roll 1d20 
Mon Nov 06 2023 16:18:46 EST - Dice roll - result - Rolled a 18 
Mon Nov 06 2023 16:18:46 EST - Character creation screen - 18 points to spend on character just generated 
Mon Nov 06 2023 16:18:56 EST - Character creation screen - Empty character generated 
Mon Nov 06 2023 16:18:56 EST - Dice roll - character creation - About to roll for points to spend on character creation 
Mon Nov 06 2023 16:18:56 EST - Dice roll - dice count - About to roll 1d20 
Mon Nov 06 2023 16:18:56 EST - Dice roll - result - Rolled a 17 
Mon Nov 06 2023 16:18:56 EST - Character creation screen - 17 points to spend on character just generated 
Mon Nov 06 2023 16:18:56 EST - Character creation screen - Empty character generated 
Mon Nov 06 2023 16:18:56 EST - Dice roll - character creation - About to roll for points to spend on character creation 
Mon Nov 06 2023 16:18:56 EST - Dice roll - dice count - About to roll 1d20 
Mon Nov 06 2023 16:18:56 EST - Dice roll - result - Rolled a 3 
Mon Nov 06 2023 16:18:56 EST - Character creation screen - 3 points to spend on character just generated 
Mon Nov 06 2023 16:18:57 EST - Character creation screen - Empty character generated 
Mon Nov 06 2023 16:18:57 EST - Dice roll - character creation - About to roll for points to spend on character creation 
Mon Nov 06 2023 16:18:57 EST - Dice roll - dice count - About to roll 1d20 
Mon Nov 06 2023 16:18:57 EST - Dice roll - result - Rolled a 14 
Mon Nov 06 2023 16:18:57 EST - Character creation screen - 14 points to spend on character just generated 
Mon Nov 06 2023 16:18:58 EST - Character creation screen - Empty character generated 
Mon Nov 06 2023 16:18:58 EST - Dice roll - character creation - About to roll for points to spend on character creation 
Mon Nov 06 2023 16:18:58 EST - Dice roll - dice count - About to roll 1d20 
Mon Nov 06 2023 16:18:58 EST - Dice roll - result - Rolled a 1 
Mon Nov 06 2023 16:18:58 EST - Character creation screen - 1 points to spend on character just generated 
Mon Nov 06 2023 16:18:58 EST - Character creation screen - Empty character generated 
Mon Nov 06 2023 16:18:58 EST - Dice roll - character creation - About to roll for points to spend on character creation 
Mon Nov 06 2023 16:18:58 EST - Dice roll - dice count - About to roll 1d20 
Mon Nov 06 2023 16:18:58 EST - Dice roll - result - Rolled a 12 
Mon Nov 06 2023 16:18:58 EST - Character creation screen - 12 points to spend on character just generated 
Mon Nov 06 2023 16:18:58 EST - Character creation screen - Empty character generated 
Mon Nov 06 2023 16:18:58 EST - Dice roll - character creation - About to roll for points to spend on character creation 
Mon Nov 06 2023 16:18:58 EST - Dice roll - dice count - About to roll 1d20 
Mon Nov 06 2023 16:18:58 EST - Dice roll - result - Rolled a 19 
Mon Nov 06 2023 16:18:58 EST - Character creation screen - 19 points to spend on character just generated 
Mon Nov 06 2023 16:18:59 EST - Character creation screen - Empty character generated 
Mon Nov 06 2023 16:18:59 EST - Dice roll - character creation - About to roll for points to spend on character creation 
Mon Nov 06 2023 16:18:59 EST - Dice roll - dice count - About to roll 1d20 
Mon Nov 06 2023 16:18:59 EST - Dice roll - result - Rolled a 5 
Mon Nov 06 2023 16:18:59 EST - Character creation screen - 5 points to spend on character just generated 
Mon Nov 06 2023 16:18:59 EST - Character creation screen - Empty character generated 
Mon Nov 06 2023 16:18:59 EST - Dice roll - character creation - About to roll for points to spend on character creation 
Mon Nov 06 2023 16:18:59 EST - Dice roll - dice count - About to roll 1d20 
Mon Nov 06 2023 16:18:59 EST - Dice roll - result - Rolled a 1 
Mon Nov 06 2023 16:18:59 EST - Character creation screen - 1 points to spend on character just generated 
Mon Nov 06 2023 16:18:59 EST - Character creation screen - Empty character generated 
Mon Nov 06 2023 16:18:59 EST - Dice roll - character creation - About to roll for points to spend on character creation 
Mon Nov 06 2023 16:18:59 EST - Dice roll - dice count - About to roll 1d20 
Mon Nov 06 2023 16:18:59 EST - Dice roll - result - Rolled a 3 
Mon Nov 06 2023 16:18:59 EST - Character creation screen - 3 points to spend on character just generated 
Mon Nov 06 2023 16:18:59 EST - Character creation screen - Empty character generated 
Mon Nov 06 2023 16:18:59 EST - Dice roll - character creation - About to roll for points to spend on character creation 
Mon Nov 06 2023 16:18:59 EST - Dice roll - dice count - About to roll 1d20 
Mon Nov 06 2023 16:18:59 EST - Dice roll - result - Rolled a 19 
Mon Nov 06 2023 16:18:59 EST - Character creation screen - 19 points to spend on character just generated 
Mon Nov 06 2023 16:19:00 EST - Character creation screen - Empty character generated 
Mon Nov 06 2023 16:19:00 EST - Dice roll - character creation - About to roll for points to spend on character creation 
Mon Nov 06 2023 16:19:00 EST - Dice roll - dice count - About to roll 1d20 
Mon Nov 06 2023 16:19:00 EST - Dice roll - result - Rolled a 4 
Mon Nov 06 2023 16:19:00 EST - Character creation screen - 4 points to spend on character just generated 
Mon Nov 06 2023 16:19:00 EST - Character creation screen - Empty character generated 
Mon Nov 06 2023 16:19:00 EST - Dice roll - character creation - About to roll for points to spend on character creation 
Mon Nov 06 2023 16:19:00 EST - Dice roll - dice count - About to roll 1d20 
Mon Nov 06 2023 16:19:00 EST - Dice roll - result - Rolled a 13 
Mon Nov 06 2023 16:19:00 EST - Character creation screen - 13 points to spend on character just generated 
Mon Nov 06 2023 16:19:00 EST - Character creation screen - Empty character generated 
Mon Nov 06 2023 16:19:00 EST - Dice roll - character creation - About to roll for points to spend on character creation 
Mon Nov 06 2023 16:19:00 EST - Dice roll - dice count - About to roll 1d20 
Mon Nov 06 2023 16:19:00 EST - Dice roll - result - Rolled a 18 
Mon Nov 06 2023 16:19:00 EST - Character creation screen - 18 points to spend on character just generated 
Mon Nov 06 2023 16:19:41 EST - Character creation screen - Empty character generated 
Mon Nov 06 2023 16:19:41 EST - Dice roll - character creation - About to roll for points to spend on character creation 
Mon Nov 06 2023 16:19:41 EST - Dice roll - dice count - About to roll 1d20 
Mon Nov 06 2023 16:19:41 EST - Dice roll - result - Rolled a 0 
Mon Nov 06 2023 16:19:41 EST - Dice roll - dice count - About to roll 1d20 
Mon Nov 06 2023 16:19:41 EST - Dice roll - result - Rolled a 7 
Mon Nov 06 2023 16:19:41 EST - Character creation screen - 7 points to spend on character because of rerolling from hitting 0 on initial roll 
Mon Nov 06 2023 16:19:41 EST - Character creation screen - 7 points to spend on character just generated 
Mon Nov 06 2023 16:19:42 EST - Character creation screen - Empty character generated 
Mon Nov 06 2023 16:19:42 EST - Dice roll - character creation - About to roll for points to spend on character creation 
Mon Nov 06 2023 16:19:42 EST - Dice roll - dice count - About to roll 1d20 
Mon Nov 06 2023 16:19:42 EST - Dice roll - result - Rolled a 6 
Mon Nov 06 2023 16:19:42 EST - Character creation screen - 6 points to spend on character just generated 
Mon Nov 06 2023 16:19:42 EST - Character creation screen - Empty character generated 
Mon Nov 06 2023 16:19:42 EST - Dice roll - character creation - About to roll for points to spend on character creation 
Mon Nov 06 2023 16:19:42 EST - Dice roll - dice count - About to roll 1d20 
Mon Nov 06 2023 16:19:42 EST - Dice roll - result - Rolled a 8 
Mon Nov 06 2023 16:19:42 EST - Character creation screen - 8 points to spend on character just generated 
Mon Nov 06 2023 16:19:43 EST - Character creation screen - Empty character generated 
Mon Nov 06 2023 16:19:43 EST - Dice roll - character creation - About to roll for points to spend on character creation 
Mon Nov 06 2023 16:19:43 EST - Dice roll - dice count - About to roll 1d20 
Mon Nov 06 2023 16:19:43 EST - Dice roll - result - Rolled a 10 
Mon Nov 06 2023 16:19:43 EST - Character creation screen - 10 points to spend on character just generated 
Mon Nov 06 2023 16:19:43 EST - Character creation screen - Empty character generated 
Mon Nov 06 2023 16:19:43 EST - Dice roll - character creation - About to roll for points to spend on character creation 
Mon Nov 06 2023 16:19:43 EST - Dice roll - dice count - About to roll 1d20 
Mon Nov 06 2023 16:19:43 EST - Dice roll - result - Rolled a 11 
Mon Nov 06 2023 16:19:43 EST - Character creation screen - 11 points to spend on character just generated 
Mon Nov 06 2023 16:19:43 EST - Character creation screen - Empty character generated 
Mon Nov 06 2023 16:19:43 EST - Dice roll - character creation - About to roll for points to spend on character creation 
Mon Nov 06 2023 16:19:43 EST - Dice roll - dice count - About to roll 1d20 
Mon Nov 06 2023 16:19:43 EST - Dice roll - result - Rolled a 16 
Mon Nov 06 2023 16:19:43 EST - Character creation screen - 16 points to spend on character just generated 
Mon Nov 06 2023 16:19:43 EST - Character creation screen - Empty character generated 
Mon Nov 06 2023 16:19:43 EST - Dice roll - character creation - About to roll for points to spend on character creation 
Mon Nov 06 2023 16:19:43 EST - Dice roll - dice count - About to roll 1d20 
Mon Nov 06 2023 16:19:43 EST - Dice roll - result - Rolled a 5 
Mon Nov 06 2023 16:19:43 EST - Character creation screen - 5 points to spend on character just generated 
Mon Nov 06 2023 16:19:44 EST - Character creation screen - Empty character generated 
Mon Nov 06 2023 16:19:44 EST - Dice roll - character creation - About to roll for points to spend on character creation 
Mon Nov 06 2023 16:19:44 EST - Dice roll - dice count - About to roll 1d20 
Mon Nov 06 2023 16:19:44 EST - Dice roll - result - Rolled a 13 
Mon Nov 06 2023 16:19:44 EST - Character creation screen - 13 points to spend on character just generated 
Mon Nov 06 2023 16:19:45 EST - Character creation screen - Empty character generated 
Mon Nov 06 2023 16:19:45 EST - Dice roll - character creation - About to roll for points to spend on character creation 
Mon Nov 06 2023 16:19:45 EST - Dice roll - dice count - About to roll 1d20 
Mon Nov 06 2023 16:19:45 EST - Dice roll - result - Rolled a 11 
Mon Nov 06 2023 16:19:45 EST - Character creation screen - 11 points to spend on character just generated 
Mon Nov 06 2023 16:19:45 EST - Character creation screen - Empty character generated 
Mon Nov 06 2023 16:19:45 EST - Dice roll - character creation - About to roll for points to spend on character creation 
Mon Nov 06 2023 16:19:45 EST - Dice roll - dice count - About to roll 1d20 
Mon Nov 06 2023 16:19:45 EST - Dice roll - result - Rolled a 15 
Mon Nov 06 2023 16:19:45 EST - Character creation screen - 15 points to spend on character just generated 
Mon Nov 06 2023 16:19:45 EST - Character creation screen - Empty character generated 
Mon Nov 06 2023 16:19:45 EST - Dice roll - character creation - About to roll for points to spend on character creation 
Mon Nov 06 2023 16:19:45 EST - Dice roll - dice count - About to roll 1d20 
Mon Nov 06 2023 16:19:45 EST - Dice roll - result - Rolled a 10 
Mon Nov 06 2023 16:19:45 EST - Character creation screen - 10 points to spend on character just generated 
Mon Nov 06 2023 16:19:46 EST - Character creation screen - Empty character generated 
Mon Nov 06 2023 16:19:46 EST - Dice roll - character creation - About to roll for points to spend on character creation 
Mon Nov 06 2023 16:19:46 EST - Dice roll - dice count - About to roll 1d20 
Mon Nov 06 2023 16:19:46 EST - Dice roll - result - Rolled a 6 
Mon Nov 06 2023 16:19:46 EST - Character creation screen - 6 points to spend on character just generated 
Mon Nov 06 2023 16:19:46 EST - Character creation screen - Empty character generated 
Mon Nov 06 2023 16:19:46 EST - Dice roll - character creation - About to roll for points to spend on character creation 
Mon Nov 06 2023 16:19:46 EST - Dice roll - dice count - About to roll 1d20 
Mon Nov 06 2023 16:19:46 EST - Dice roll - result - Rolled a 3 
Mon Nov 06 2023 16:19:46 EST - Character creation screen - 3 points to spend on character just generated 
Mon Nov 06 2023 16:19:46 EST - Character creation screen - Empty character generated 
Mon Nov 06 2023 16:19:46 EST - Dice roll - character creation - About to roll for points to spend on character creation 
Mon Nov 06 2023 16:19:46 EST - Dice roll - dice count - About to roll 1d20 
Mon Nov 06 2023 16:19:46 EST - Dice roll - result - Rolled a 16 
Mon Nov 06 2023 16:19:46 EST - Character creation screen - 16 points to spend on character just generated 
Mon Nov 06 2023 16:19:46 EST - Character creation screen - Empty character generated 
Mon Nov 06 2023 16:19:46 EST - Dice roll - character creation - About to roll for points to spend on character creation 
Mon Nov 06 2023 16:19:46 EST - Dice roll - dice count - About to roll 1d20 
Mon Nov 06 2023 16:19:46 EST - Dice roll - result - Rolled a 9 
Mon Nov 06 2023 16:19:46 EST - Character creation screen - 9 points to spend on character just generated 
Mon Nov 06 2023 16:19:46 EST - Character creation screen - Empty character generated 
Mon Nov 06 2023 16:19:46 EST - Dice roll - character creation - About to roll for points to spend on character creation 
Mon Nov 06 2023 16:19:46 EST - Dice roll - dice count - About to roll 1d20 
Mon Nov 06 2023 16:19:46 EST - Dice roll - result - Rolled a 8 
Mon Nov 06 2023 16:19:46 EST - Character creation screen - 8 points to spend on character just generated 
Mon Nov 06 2023 16:19:47 EST - Character creation screen - Empty character generated 
Mon Nov 06 2023 16:19:47 EST - Dice roll - character creation - About to roll for points to spend on character creation 
Mon Nov 06 2023 16:19:47 EST - Dice roll - dice count - About to roll 1d20 
Mon Nov 06 2023 16:19:47 EST - Dice roll - result - Rolled a 3 
Mon Nov 06 2023 16:19:47 EST - Character creation screen - 3 points to spend on character just generated 
Mon Nov 06 2023 16:19:47 EST - Character creation screen - Empty character generated 
Mon Nov 06 2023 16:19:47 EST - Dice roll - character creation - About to roll for points to spend on character creation 
Mon Nov 06 2023 16:19:47 EST - Dice roll - dice count - About to roll 1d20 
Mon Nov 06 2023 16:19:47 EST - Dice roll - result - Rolled a 11 
Mon Nov 06 2023 16:19:47 EST - Character creation screen - 11 points to spend on character just generated 
Mon Nov 06 2023 16:19:54 EST - Character creation screen - Empty character generated 
Mon Nov 06 2023 16:19:54 EST - Dice roll - character creation - About to roll for points to spend on character creation 
Mon Nov 06 2023 16:19:54 EST - Dice roll - dice count - About to roll 1d20 
Mon Nov 06 2023 16:19:54 EST - Dice roll - result - Rolled a 8 
Mon Nov 06 2023 16:19:54 EST - Character creation screen - 8 points to spend on character just generated 
Mon Nov 06 2023 16:19:54 EST - Character creation screen - Empty character generated 
Mon Nov 06 2023 16:19:54 EST - Dice roll - character creation - About to roll for points to spend on character creation 
Mon Nov 06 2023 16:19:54 EST - Dice roll - dice count - About to roll 1d20 
Mon Nov 06 2023 16:19:54 EST - Dice roll - result - Rolled a 0 
Mon Nov 06 2023 16:19:54 EST - Dice roll - dice count - About to roll 1d20 
Mon Nov 06 2023 16:19:54 EST - Dice roll - result - Rolled a 16 
Mon Nov 06 2023 16:19:54 EST - Character creation screen - 16 points to spend on character because of rerolling from hitting 0 on initial roll 
Mon Nov 06 2023 16:19:54 EST - Character creation screen - 16 points to spend on character just generated 
Mon Nov 06 2023 16:19:55 EST - Character creation screen - Empty character generated 
Mon Nov 06 2023 16:19:55 EST - Dice roll - character creation - About to roll for points to spend on character creation 
Mon Nov 06 2023 16:19:55 EST - Dice roll - dice count - About to roll 1d20 
Mon Nov 06 2023 16:19:55 EST - Dice roll - result - Rolled a 17 
Mon Nov 06 2023 16:19:55 EST - Character creation screen - 17 points to spend on character just generated 
Mon Nov 06 2023 16:19:55 EST - Character creation screen - Empty character generated 
Mon Nov 06 2023 16:19:55 EST - Dice roll - character creation - About to roll for points to spend on character creation 
Mon Nov 06 2023 16:19:55 EST - Dice roll - dice count - About to roll 1d20 
Mon Nov 06 2023 16:19:55 EST - Dice roll - result - Rolled a 7 
Mon Nov 06 2023 16:19:55 EST - Character creation screen - 7 points to spend on character just generated 
Mon Nov 06 2023 16:19:55 EST - Character creation screen - Empty character generated 
Mon Nov 06 2023 16:19:55 EST - Dice roll - character creation - About to roll for points to spend on character creation 
Mon Nov 06 2023 16:19:55 EST - Dice roll - dice count - About to roll 1d20 
Mon Nov 06 2023 16:19:55 EST - Dice roll - result - Rolled a 12 
Mon Nov 06 2023 16:19:55 EST - Character creation screen - 12 points to spend on character just generated 
Mon Nov 06 2023 16:21:59 EST - Character creation screen - Empty character generated 
Mon Nov 06 2023 16:21:59 EST - Dice roll - character creation - About to roll for points to spend on character creation 
Mon Nov 06 2023 16:21:59 EST - Dice roll - dice count - About to roll 1d20 
Mon Nov 06 2023 16:21:59 EST - Dice roll - result - Rolled a 0 
Mon Nov 06 2023 16:21:59 EST - Dice roll - dice count - About to roll 1d20 
Mon Nov 06 2023 16:21:59 EST - Dice roll - result - Rolled a 11 
Mon Nov 06 2023 16:21:59 EST - Character creation screen - 11 points to spend on character because of rerolling from hitting 0 on initial roll 
Mon Nov 06 2023 16:21:59 EST - Character creation screen - 11 points to spend on character just generated 
Mon Nov 06 2023 16:21:59 EST - Character creation screen - Empty character generated 
Mon Nov 06 2023 16:21:59 EST - Dice roll - character creation - About to roll for points to spend on character creation 
Mon Nov 06 2023 16:21:59 EST - Dice roll - dice count - About to roll 1d20 
Mon Nov 06 2023 16:21:59 EST - Dice roll - result - Rolled a 7 
Mon Nov 06 2023 16:21:59 EST - Character creation screen - 7 points to spend on character just generated 
Mon Nov 06 2023 16:22:00 EST - Character creation screen - Empty character generated 
Mon Nov 06 2023 16:22:00 EST - Dice roll - character creation - About to roll for points to spend on character creation 
Mon Nov 06 2023 16:22:00 EST - Dice roll - dice count - About to roll 1d20 
Mon Nov 06 2023 16:22:00 EST - Dice roll - result - Rolled a 6 
Mon Nov 06 2023 16:22:00 EST - Character creation screen - 6 points to spend on character just generated 
Mon Nov 06 2023 16:22:00 EST - Character creation screen - Empty character generated 
Mon Nov 06 2023 16:22:00 EST - Dice roll - character creation - About to roll for points to spend on character creation 
Mon Nov 06 2023 16:22:00 EST - Dice roll - dice count - About to roll 1d20 
Mon Nov 06 2023 16:22:00 EST - Dice roll - result - Rolled a 13 
Mon Nov 06 2023 16:22:00 EST - Character creation screen - 13 points to spend on character just generated 
Mon Nov 06 2023 16:22:00 EST - Character creation screen - Empty character generated 
Mon Nov 06 2023 16:22:00 EST - Dice roll - character creation - About to roll for points to spend on character creation 
Mon Nov 06 2023 16:22:00 EST - Dice roll - dice count - About to roll 1d20 
Mon Nov 06 2023 16:22:00 EST - Dice roll - result - Rolled a 16 
Mon Nov 06 2023 16:22:00 EST - Character creation screen - 16 points to spend on character just generated 
Mon Nov 06 2023 16:22:01 EST - Character creation screen - Empty character generated 
Mon Nov 06 2023 16:22:01 EST - Dice roll - character creation - About to roll for points to spend on character creation 
Mon Nov 06 2023 16:22:01 EST - Dice roll - dice count - About to roll 1d20 
Mon Nov 06 2023 16:22:01 EST - Dice roll - result - Rolled a 4 
Mon Nov 06 2023 16:22:01 EST - Character creation screen - 4 points to spend on character just generated 
Mon Nov 06 2023 16:22:01 EST - Character creation screen - Empty character generated 
Mon Nov 06 2023 16:22:01 EST - Dice roll - character creation - About to roll for points to spend on character creation 
Mon Nov 06 2023 16:22:01 EST - Dice roll - dice count - About to roll 1d20 
Mon Nov 06 2023 16:22:01 EST - Dice roll - result - Rolled a 8 
Mon Nov 06 2023 16:22:01 EST - Character creation screen - 8 points to spend on character just generated 
Mon Nov 06 2023 16:22:01 EST - Character creation screen - Empty character generated 
Mon Nov 06 2023 16:22:01 EST - Dice roll - character creation - About to roll for points to spend on character creation 
Mon Nov 06 2023 16:22:01 EST - Dice roll - dice count - About to roll 1d20 
Mon Nov 06 2023 16:22:01 EST - Dice roll - result - Rolled a 12 
Mon Nov 06 2023 16:22:01 EST - Character creation screen - 12 points to spend on character just generated 
Mon Nov 06 2023 16:22:02 EST - Character creation screen - Empty character generated 
Mon Nov 06 2023 16:22:02 EST - Dice roll - character creation - About to roll for points to spend on character creation 
Mon Nov 06 2023 16:22:02 EST - Dice roll - dice count - About to roll 1d20 
Mon Nov 06 2023 16:22:02 EST - Dice roll - result - Rolled a 15 
Mon Nov 06 2023 16:22:02 EST - Character creation screen - 15 points to spend on character just generated 
Mon Nov 06 2023 16:22:02 EST - Character creation screen - Empty character generated 
Mon Nov 06 2023 16:22:02 EST - Dice roll - character creation - About to roll for points to spend on character creation 
Mon Nov 06 2023 16:22:02 EST - Dice roll - dice count - About to roll 1d20 
Mon Nov 06 2023 16:22:02 EST - Dice roll - result - Rolled a 2 
Mon Nov 06 2023 16:22:02 EST - Character creation screen - 2 points to spend on character just generated 
Mon Nov 06 2023 16:22:02 EST - Character creation screen - Empty character generated 
Mon Nov 06 2023 16:22:02 EST - Dice roll - character creation - About to roll for points to spend on character creation 
Mon Nov 06 2023 16:22:02 EST - Dice roll - dice count - About to roll 1d20 
Mon Nov 06 2023 16:22:02 EST - Dice roll - result - Rolled a 3 
Mon Nov 06 2023 16:22:02 EST - Character creation screen - 3 points to spend on character just generated 
Mon Nov 06 2023 16:22:02 EST - Character creation screen - Empty character generated 
Mon Nov 06 2023 16:22:02 EST - Dice roll - character creation - About to roll for points to spend on character creation 
Mon Nov 06 2023 16:22:02 EST - Dice roll - dice count - About to roll 1d20 
Mon Nov 06 2023 16:22:02 EST - Dice roll - result - Rolled a 1 
Mon Nov 06 2023 16:22:02 EST - Character creation screen - 1 points to spend on character just generated 
Mon Nov 06 2023 16:22:04 EST - Character creation screen - Empty character generated 
Mon Nov 06 2023 16:22:04 EST - Dice roll - character creation - About to roll for points to spend on character creation 
Mon Nov 06 2023 16:22:04 EST - Dice roll - dice count - About to roll 1d20 
Mon Nov 06 2023 16:22:04 EST - Dice roll - result - Rolled a 5 
Mon Nov 06 2023 16:22:04 EST - Character creation screen - 5 points to spend on character just generated 
Mon Nov 06 2023 16:22:05 EST - Character creation screen - Empty character generated 
Mon Nov 06 2023 16:22:05 EST - Dice roll - character creation - About to roll for points to spend on character creation 
Mon Nov 06 2023 16:22:05 EST - Dice roll - dice count - About to roll 1d20 
Mon Nov 06 2023 16:22:05 EST - Dice roll - result - Rolled a 6 
Mon Nov 06 2023 16:22:05 EST - Character creation screen - 6 points to spend on character just generated 
Mon Nov 06 2023 16:22:05 EST - Character creation screen - Empty character generated 
Mon Nov 06 2023 16:22:05 EST - Dice roll - character creation - About to roll for points to spend on character creation 
Mon Nov 06 2023 16:22:05 EST - Dice roll - dice count - About to roll 1d20 
Mon Nov 06 2023 16:22:05 EST - Dice roll - result - Rolled a 2 
Mon Nov 06 2023 16:22:05 EST - Character creation screen - 2 points to spend on character just generated 
Mon Nov 06 2023 16:22:05 EST - Character creation screen - Empty character generated 
Mon Nov 06 2023 16:22:05 EST - Dice roll - character creation - About to roll for points to spend on character creation 
Mon Nov 06 2023 16:22:05 EST - Dice roll - dice count - About to roll 1d20 
Mon Nov 06 2023 16:22:05 EST - Dice roll - result - Rolled a 15 
Mon Nov 06 2023 16:22:05 EST - Character creation screen - 15 points to spend on character just generated 
Mon Nov 06 2023 16:27:52 EST - Character creation screen - Empty character generated 
Mon Nov 06 2023 16:27:52 EST - Dice roll - character creation - About to roll for points to spend on character creation 
Mon Nov 06 2023 16:27:52 EST - Dice roll - dice count - About to roll 1d20 
Mon Nov 06 2023 16:27:52 EST - Dice roll - result - Rolled a 7 
Mon Nov 06 2023 16:27:52 EST - Character creation screen - 7 points to spend on character just generated 
Mon Nov 06 2023 16:27:52 EST - Character creation screen - Empty character generated 
Mon Nov 06 2023 16:27:52 EST - Dice roll - character creation - About to roll for points to spend on character creation 
Mon Nov 06 2023 16:27:52 EST - Dice roll - dice count - About to roll 1d20 
Mon Nov 06 2023 16:27:52 EST - Dice roll - result - Rolled a 0 
Mon Nov 06 2023 16:27:52 EST - Dice roll - dice count - About to roll 1d20 
Mon Nov 06 2023 16:27:52 EST - Dice roll - result - Rolled a 16 
Mon Nov 06 2023 16:27:52 EST - Character creation screen - 16 points to spend on character because of rerolling from hitting 0 on initial roll 
Mon Nov 06 2023 16:27:52 EST - Character creation screen - 16 points to spend on character just generated 
Mon Nov 06 2023 16:27:53 EST - Character creation screen - Empty character generated 
Mon Nov 06 2023 16:27:53 EST - Dice roll - character creation - About to roll for points to spend on character creation 
Mon Nov 06 2023 16:27:53 EST - Dice roll - dice count - About to roll 1d20 
Mon Nov 06 2023 16:27:53 EST - Dice roll - result - Rolled a 9 
Mon Nov 06 2023 16:27:53 EST - Character creation screen - 9 points to spend on character just generated 
Mon Nov 06 2023 16:27:53 EST - Character creation screen - Empty character generated 
Mon Nov 06 2023 16:27:53 EST - Dice roll - character creation - About to roll for points to spend on character creation 
Mon Nov 06 2023 16:27:53 EST - Dice roll - dice count - About to roll 1d20 
Mon Nov 06 2023 16:27:53 EST - Dice roll - result - Rolled a 4 
Mon Nov 06 2023 16:27:53 EST - Character creation screen - 4 points to spend on character just generated 
Mon Nov 06 2023 16:27:53 EST - Character creation screen - Empty character generated 
Mon Nov 06 2023 16:27:53 EST - Dice roll - character creation - About to roll for points to spend on character creation 
Mon Nov 06 2023 16:27:53 EST - Dice roll - dice count - About to roll 1d20 
Mon Nov 06 2023 16:27:53 EST - Dice roll - result - Rolled a 7 
Mon Nov 06 2023 16:27:53 EST - Character creation screen - 7 points to spend on character just generated 
Mon Nov 06 2023 16:27:53 EST - Character creation screen - Empty character generated 
Mon Nov 06 2023 16:27:53 EST - Dice roll - character creation - About to roll for points to spend on character creation 
Mon Nov 06 2023 16:27:53 EST - Dice roll - dice count - About to roll 1d20 
Mon Nov 06 2023 16:27:53 EST - Dice roll - result - Rolled a 6 
Mon Nov 06 2023 16:27:53 EST - Character creation screen - 6 points to spend on character just generated 
Mon Nov 06 2023 16:27:54 EST - Character creation screen - Empty character generated 
Mon Nov 06 2023 16:27:54 EST - Dice roll - character creation - About to roll for points to spend on character creation 
Mon Nov 06 2023 16:27:54 EST - Dice roll - dice count - About to roll 1d20 
Mon Nov 06 2023 16:27:54 EST - Dice roll - result - Rolled a 13 
Mon Nov 06 2023 16:27:54 EST - Character creation screen - 13 points to spend on character just generated 
Mon Nov 06 2023 16:27:54 EST - Character creation screen - Empty character generated 
Mon Nov 06 2023 16:27:54 EST - Dice roll - character creation - About to roll for points to spend on character creation 
Mon Nov 06 2023 16:27:54 EST - Dice roll - dice count - About to roll 1d20 
Mon Nov 06 2023 16:27:54 EST - Dice roll - result - Rolled a 14 
Mon Nov 06 2023 16:27:54 EST - Character creation screen - 14 points to spend on character just generated 
Mon Nov 06 2023 16:27:54 EST - Character creation screen - Empty character generated 
Mon Nov 06 2023 16:27:54 EST - Dice roll - character creation - About to roll for points to spend on character creation 
Mon Nov 06 2023 16:27:54 EST - Dice roll - dice count - About to roll 1d20 
Mon Nov 06 2023 16:27:54 EST - Dice roll - result - Rolled a 10 
Mon Nov 06 2023 16:27:54 EST - Character creation screen - 10 points to spend on character just generated 
Mon Nov 06 2023 16:27:54 EST - Character creation screen - Empty character generated 
Mon Nov 06 2023 16:27:54 EST - Dice roll - character creation - About to roll for points to spend on character creation 
Mon Nov 06 2023 16:27:54 EST - Dice roll - dice count - About to roll 1d20 
Mon Nov 06 2023 16:27:54 EST - Dice roll - result - Rolled a 6 
Mon Nov 06 2023 16:27:54 EST - Character creation screen - 6 points to spend on character just generated 
Mon Nov 06 2023 16:27:57 EST - Character creation screen - Empty character generated 
Mon Nov 06 2023 16:27:57 EST - Dice roll - character creation - About to roll for points to spend on character creation 
Mon Nov 06 2023 16:27:57 EST - Dice roll - dice count - About to roll 1d20 
Mon Nov 06 2023 16:27:57 EST - Dice roll - result - Rolled a 0 
Mon Nov 06 2023 16:27:57 EST - Dice roll - dice count - About to roll 1d20 
Mon Nov 06 2023 16:27:57 EST - Dice roll - result - Rolled a 7 
Mon Nov 06 2023 16:27:57 EST - Character creation screen - 7 points to spend on character because of rerolling from hitting 0 on initial roll 
Mon Nov 06 2023 16:27:57 EST - Character creation screen - 7 points to spend on character just generated 
Mon Nov 06 2023 16:27:58 EST - Character creation screen - Empty character generated 
Mon Nov 06 2023 16:27:58 EST - Dice roll - character creation - About to roll for points to spend on character creation 
Mon Nov 06 2023 16:27:58 EST - Dice roll - dice count - About to roll 1d20 
Mon Nov 06 2023 16:27:58 EST - Dice roll - result - Rolled a 6 
Mon Nov 06 2023 16:27:58 EST - Character creation screen - 6 points to spend on character just generated 
Mon Nov 06 2023 16:27:58 EST - Character creation screen - Empty character generated 
Mon Nov 06 2023 16:27:58 EST - Dice roll - character creation - About to roll for points to spend on character creation 
Mon Nov 06 2023 16:27:58 EST - Dice roll - dice count - About to roll 1d20 
Mon Nov 06 2023 16:27:58 EST - Dice roll - result - Rolled a 13 
Mon Nov 06 2023 16:27:58 EST - Character creation screen - 13 points to spend on character just generated 
Mon Nov 06 2023 16:27:58 EST - Character creation screen - Empty character generated 
Mon Nov 06 2023 16:27:58 EST - Dice roll - character creation - About to roll for points to spend on character creation 
Mon Nov 06 2023 16:27:58 EST - Dice roll - dice count - About to roll 1d20 
Mon Nov 06 2023 16:27:58 EST - Dice roll - result - Rolled a 0 
Mon Nov 06 2023 16:27:58 EST - Dice roll - dice count - About to roll 1d20 
Mon Nov 06 2023 16:27:58 EST - Dice roll - result - Rolled a 5 
Mon Nov 06 2023 16:27:58 EST - Character creation screen - 5 points to spend on character because of rerolling from hitting 0 on initial roll 
Mon Nov 06 2023 16:27:58 EST - Character creation screen - 5 points to spend on character just generated 
Mon Nov 06 2023 16:27:58 EST - Character creation screen - Empty character generated 
Mon Nov 06 2023 16:27:58 EST - Dice roll - character creation - About to roll for points to spend on character creation 
Mon Nov 06 2023 16:27:58 EST - Dice roll - dice count - About to roll 1d20 
Mon Nov 06 2023 16:27:58 EST - Dice roll - result - Rolled a 15 
Mon Nov 06 2023 16:27:58 EST - Character creation screen - 15 points to spend on character just generated 
Mon Nov 06 2023 16:28:11 EST - Character creation screen - Empty character generated 
Mon Nov 06 2023 16:28:11 EST - Dice roll - character creation - About to roll for points to spend on character creation 
Mon Nov 06 2023 16:28:11 EST - Dice roll - dice count - About to roll 1d20 
Mon Nov 06 2023 16:28:11 EST - Dice roll - result - Rolled a 1 
Mon Nov 06 2023 16:28:11 EST - Character creation screen - 1 points to spend on character just generated 
Mon Nov 06 2023 16:28:12 EST - Character creation screen - Empty character generated 
Mon Nov 06 2023 16:28:12 EST - Dice roll - character creation - About to roll for points to spend on character creation 
Mon Nov 06 2023 16:28:12 EST - Dice roll - dice count - About to roll 1d20 
Mon Nov 06 2023 16:28:12 EST - Dice roll - result - Rolled a 8 
Mon Nov 06 2023 16:28:12 EST - Character creation screen - 8 points to spend on character just generated 
Mon Nov 06 2023 16:28:12 EST - Character creation screen - Empty character generated 
Mon Nov 06 2023 16:28:12 EST - Dice roll - character creation - About to roll for points to spend on character creation 
Mon Nov 06 2023 16:28:12 EST - Dice roll - dice count - About to roll 1d20 
Mon Nov 06 2023 16:28:12 EST - Dice roll - result - Rolled a 14 
Mon Nov 06 2023 16:28:12 EST - Character creation screen - 14 points to spend on character just generated 
Mon Nov 06 2023 16:28:58 EST - Character creation screen - Empty character generated 
Mon Nov 06 2023 16:28:58 EST - Dice roll - character creation - About to roll for points to spend on character creation 
Mon Nov 06 2023 16:28:58 EST - Dice roll - dice count - About to roll 1d20 
Mon Nov 06 2023 16:28:58 EST - Dice roll - result - Rolled a 11 
Mon Nov 06 2023 16:28:58 EST - Character creation screen - 11 points to spend on character just generated 
Mon Nov 06 2023 16:28:58 EST - Character creation screen - Empty character generated 
Mon Nov 06 2023 16:28:58 EST - Dice roll - character creation - About to roll for points to spend on character creation 
Mon Nov 06 2023 16:28:58 EST - Dice roll - dice count - About to roll 1d20 
Mon Nov 06 2023 16:28:58 EST - Dice roll - result - Rolled a 3 
Mon Nov 06 2023 16:28:58 EST - Character creation screen - 3 points to spend on character just generated 
Mon Nov 06 2023 16:28:58 EST - Character creation screen - Empty character generated 
Mon Nov 06 2023 16:28:58 EST - Dice roll - character creation - About to roll for points to spend on character creation 
Mon Nov 06 2023 16:28:58 EST - Dice roll - dice count - About to roll 1d20 
Mon Nov 06 2023 16:28:58 EST - Dice roll - result - Rolled a 14 
Mon Nov 06 2023 16:28:58 EST - Character creation screen - 14 points to spend on character just generated 
Mon Nov 06 2023 16:28:59 EST - Character creation screen - Empty character generated 
Mon Nov 06 2023 16:28:59 EST - Dice roll - character creation - About to roll for points to spend on character creation 
Mon Nov 06 2023 16:28:59 EST - Dice roll - dice count - About to roll 1d20 
Mon Nov 06 2023 16:28:59 EST - Dice roll - result - Rolled a 1 
Mon Nov 06 2023 16:28:59 EST - Character creation screen - 1 points to spend on character just generated 
Mon Nov 06 2023 16:28:59 EST - Character creation screen - Empty character generated 
Mon Nov 06 2023 16:28:59 EST - Dice roll - character creation - About to roll for points to spend on character creation 
Mon Nov 06 2023 16:28:59 EST - Dice roll - dice count - About to roll 1d20 
Mon Nov 06 2023 16:28:59 EST - Dice roll - result - Rolled a 2 
Mon Nov 06 2023 16:28:59 EST - Character creation screen - 2 points to spend on character just generated 
Mon Nov 06 2023 16:29:00 EST - Character creation screen - Empty character generated 
Mon Nov 06 2023 16:29:00 EST - Dice roll - character creation - About to roll for points to spend on character creation 
Mon Nov 06 2023 16:29:00 EST - Dice roll - dice count - About to roll 1d20 
Mon Nov 06 2023 16:29:00 EST - Dice roll - result - Rolled a 15 
Mon Nov 06 2023 16:29:00 EST - Character creation screen - 15 points to spend on character just generated 
Mon Nov 06 2023 16:29:00 EST - Character creation screen - Empty character generated 
Mon Nov 06 2023 16:29:00 EST - Dice roll - character creation - About to roll for points to spend on character creation 
Mon Nov 06 2023 16:29:00 EST - Dice roll - dice count - About to roll 1d20 
Mon Nov 06 2023 16:29:00 EST - Dice roll - result - Rolled a 0 
Mon Nov 06 2023 16:29:00 EST - Dice roll - dice count - About to roll 1d20 
Mon Nov 06 2023 16:29:00 EST - Dice roll - result - Rolled a 11 
Mon Nov 06 2023 16:29:00 EST - Character creation screen - 11 points to spend on character because of rerolling from hitting 0 on initial roll 
Mon Nov 06 2023 16:29:00 EST - Character creation screen - 11 points to spend on character just generated 
Mon Nov 06 2023 16:29:00 EST - Character creation screen - Empty character generated 
Mon Nov 06 2023 16:29:00 EST - Dice roll - character creation - About to roll for points to spend on character creation 
Mon Nov 06 2023 16:29:00 EST - Dice roll - dice count - About to roll 1d20 
Mon Nov 06 2023 16:29:00 EST - Dice roll - result - Rolled a 13 
Mon Nov 06 2023 16:29:00 EST - Character creation screen - 13 points to spend on character just generated 
Mon Nov 06 2023 22:16:17 EST - Character creation screen - Empty character generated 
Mon Nov 06 2023 22:16:17 EST - Dice roll - character creation - About to roll for points to spend on character creation 
Mon Nov 06 2023 22:16:17 EST - Dice roll - dice count - About to roll 1d20 
Mon Nov 06 2023 22:16:17 EST - Dice roll - result - Rolled a 11 
Mon Nov 06 2023 22:16:17 EST - Character creation screen - 11 points to spend on character just generated 
Mon Nov 06 2023 22:16:18 EST - Character creation screen - Empty character generated 
Mon Nov 06 2023 22:16:18 EST - Dice roll - character creation - About to roll for points to spend on character creation 
Mon Nov 06 2023 22:16:18 EST - Dice roll - dice count - About to roll 1d20 
Mon Nov 06 2023 22:16:18 EST - Dice roll - result - Rolled a 1 
Mon Nov 06 2023 22:16:18 EST - Character creation screen - 1 points to spend on character just generated 
Mon Nov 06 2023 22:16:19 EST - Character creation screen - Empty character generated 
Mon Nov 06 2023 22:16:19 EST - Dice roll - character creation - About to roll for points to spend on character creation 
Mon Nov 06 2023 22:16:19 EST - Dice roll - dice count - About to roll 1d20 
Mon Nov 06 2023 22:16:19 EST - Dice roll - result - Rolled a 18 
Mon Nov 06 2023 22:16:19 EST - Character creation screen - 18 points to spend on character just generated 
Mon Nov 06 2023 22:16:19 EST - Character creation screen - Empty character generated 
Mon Nov 06 2023 22:16:19 EST - Dice roll - character creation - About to roll for points to spend on character creation 
Mon Nov 06 2023 22:16:19 EST - Dice roll - dice count - About to roll 1d20 
Mon Nov 06 2023 22:16:19 EST - Dice roll - result - Rolled a 2 
Mon Nov 06 2023 22:16:19 EST - Character creation screen - 2 points to spend on character just generated 
Mon Nov 06 2023 22:16:22 EST - Character creation screen - Empty character generated 
Mon Nov 06 2023 22:16:22 EST - Dice roll - character creation - About to roll for points to spend on character creation 
Mon Nov 06 2023 22:16:22 EST - Dice roll - dice count - About to roll 1d20 
Mon Nov 06 2023 22:16:22 EST - Dice roll - result - Rolled a 0 
Mon Nov 06 2023 22:16:22 EST - Dice roll - dice count - About to roll 1d20 
Mon Nov 06 2023 22:16:22 EST - Dice roll - result - Rolled a 15 
Mon Nov 06 2023 22:16:22 EST - Character creation screen - 15 points to spend on character because of rerolling from hitting 0 on initial roll 
Mon Nov 06 2023 22:16:22 EST - Character creation screen - 15 points to spend on character just generated 
Mon Nov 06 2023 22:16:22 EST - Character creation screen - Empty character generated 
Mon Nov 06 2023 22:16:22 EST - Dice roll - character creation - About to roll for points to spend on character creation 
Mon Nov 06 2023 22:16:22 EST - Dice roll - dice count - About to roll 1d20 
Mon Nov 06 2023 22:16:22 EST - Dice roll - result - Rolled a 17 
Mon Nov 06 2023 22:16:22 EST - Character creation screen - 17 points to spend on character just generated 
Mon Nov 06 2023 22:16:22 EST - Character creation screen - Empty character generated 
Mon Nov 06 2023 22:16:22 EST - Dice roll - character creation - About to roll for points to spend on character creation 
Mon Nov 06 2023 22:16:22 EST - Dice roll - dice count - About to roll 1d20 
Mon Nov 06 2023 22:16:22 EST - Dice roll - result - Rolled a 12 
Mon Nov 06 2023 22:16:22 EST - Character creation screen - 12 points to spend on character just generated 
Mon Nov 06 2023 22:16:22 EST - Character creation screen - Empty character generated 
Mon Nov 06 2023 22:16:22 EST - Dice roll - character creation - About to roll for points to spend on character creation 
Mon Nov 06 2023 22:16:22 EST - Dice roll - dice count - About to roll 1d20 
Mon Nov 06 2023 22:16:22 EST - Dice roll - result - Rolled a 12 
Mon Nov 06 2023 22:16:22 EST - Character creation screen - 12 points to spend on character just generated 
Mon Nov 06 2023 22:16:23 EST - Character creation screen - Empty character generated 
Mon Nov 06 2023 22:16:23 EST - Dice roll - character creation - About to roll for points to spend on character creation 
Mon Nov 06 2023 22:16:23 EST - Dice roll - dice count - About to roll 1d20 
Mon Nov 06 2023 22:16:23 EST - Dice roll - result - Rolled a 16 
Mon Nov 06 2023 22:16:23 EST - Character creation screen - 16 points to spend on character just generated 
Mon Nov 06 2023 22:16:23 EST - Character creation screen - Empty character generated 
Mon Nov 06 2023 22:16:23 EST - Dice roll - character creation - About to roll for points to spend on character creation 
Mon Nov 06 2023 22:16:23 EST - Dice roll - dice count - About to roll 1d20 
Mon Nov 06 2023 22:16:23 EST - Dice roll - result - Rolled a 15 
Mon Nov 06 2023 22:16:23 EST - Character creation screen - 15 points to spend on character just generated 
Mon Nov 06 2023 22:16:24 EST - Character creation screen - Empty character generated 
Mon Nov 06 2023 22:16:24 EST - Dice roll - character creation - About to roll for points to spend on character creation 
Mon Nov 06 2023 22:16:24 EST - Dice roll - dice count - About to roll 1d20 
Mon Nov 06 2023 22:16:24 EST - Dice roll - result - Rolled a 4 
Mon Nov 06 2023 22:16:24 EST - Character creation screen - 4 points to spend on character just generated 
Mon Nov 06 2023 22:25:06 EST - Character creation screen - Empty character generated 
Mon Nov 06 2023 22:25:06 EST - Dice roll - character creation - About to roll for points to spend on character creation 
Mon Nov 06 2023 22:25:06 EST - Dice roll - dice count - About to roll 1d20 
Mon Nov 06 2023 22:25:06 EST - Dice roll - result - Rolled a 12 
Mon Nov 06 2023 22:25:06 EST - Character creation screen - 12 points to spend on character just generated 
Mon Nov 06 2023 22:25:06 EST - Character creation screen - Empty character generated 
Mon Nov 06 2023 22:25:06 EST - Dice roll - character creation - About to roll for points to spend on character creation 
Mon Nov 06 2023 22:25:06 EST - Dice roll - dice count - About to roll 1d20 
Mon Nov 06 2023 22:25:06 EST - Dice roll - result - Rolled a 1 
Mon Nov 06 2023 22:25:06 EST - Character creation screen - 1 points to spend on character just generated 
Mon Nov 06 2023 22:25:07 EST - Character creation screen - Empty character generated 
Mon Nov 06 2023 22:25:07 EST - Dice roll - character creation - About to roll for points to spend on character creation 
Mon Nov 06 2023 22:25:07 EST - Dice roll - dice count - About to roll 1d20 
Mon Nov 06 2023 22:25:07 EST - Dice roll - result - Rolled a 0 
Mon Nov 06 2023 22:25:07 EST - Dice roll - dice count - About to roll 1d20 
Mon Nov 06 2023 22:25:07 EST - Dice roll - result - Rolled a 7 
Mon Nov 06 2023 22:25:07 EST - Character creation screen - 7 points to spend on character because of rerolling from hitting 0 on initial roll 
Mon Nov 06 2023 22:25:07 EST - Character creation screen - 7 points to spend on character just generated 
Mon Nov 06 2023 22:25:07 EST - Character creation screen - Empty character generated 
Mon Nov 06 2023 22:25:07 EST - Dice roll - character creation - About to roll for points to spend on character creation 
Mon Nov 06 2023 22:25:07 EST - Dice roll - dice count - About to roll 1d20 
Mon Nov 06 2023 22:25:07 EST - Dice roll - result - Rolled a 18 
Mon Nov 06 2023 22:25:07 EST - Character creation screen - 18 points to spend on character just generated 
Mon Nov 06 2023 22:25:07 EST - Character creation screen - Empty character generated 
Mon Nov 06 2023 22:25:07 EST - Dice roll - character creation - About to roll for points to spend on character creation 
Mon Nov 06 2023 22:25:07 EST - Dice roll - dice count - About to roll 1d20 
Mon Nov 06 2023 22:25:07 EST - Dice roll - result - Rolled a 6 
Mon Nov 06 2023 22:25:07 EST - Character creation screen - 6 points to spend on character just generated 
Mon Nov 06 2023 22:25:08 EST - Character creation screen - Empty character generated 
Mon Nov 06 2023 22:25:08 EST - Dice roll - character creation - About to roll for points to spend on character creation 
Mon Nov 06 2023 22:25:08 EST - Dice roll - dice count - About to roll 1d20 
Mon Nov 06 2023 22:25:08 EST - Dice roll - result - Rolled a 14 
Mon Nov 06 2023 22:25:08 EST - Character creation screen - 14 points to spend on character just generated 
Mon Nov 06 2023 22:27:49 EST - Character creation screen - Empty character generated 
Mon Nov 06 2023 22:27:49 EST - Dice roll - character creation - About to roll for points to spend on character creation 
Mon Nov 06 2023 22:27:49 EST - Dice roll - dice count - About to roll 1d20 
Mon Nov 06 2023 22:27:49 EST - Dice roll - result - Rolled a 18 
Mon Nov 06 2023 22:27:49 EST - Character creation screen - 18 points to spend on character just generated 
Mon Nov 06 2023 22:27:49 EST - Character creation screen - Empty character generated 
Mon Nov 06 2023 22:27:49 EST - Dice roll - character creation - About to roll for points to spend on character creation 
Mon Nov 06 2023 22:27:49 EST - Dice roll - dice count - About to roll 1d20 
Mon Nov 06 2023 22:27:49 EST - Dice roll - result - Rolled a 14 
Mon Nov 06 2023 22:27:49 EST - Character creation screen - 14 points to spend on character just generated 
Mon Nov 06 2023 22:27:50 EST - Character creation screen - Empty character generated 
Mon Nov 06 2023 22:27:50 EST - Dice roll - character creation - About to roll for points to spend on character creation 
Mon Nov 06 2023 22:27:50 EST - Dice roll - dice count - About to roll 1d20 
Mon Nov 06 2023 22:27:50 EST - Dice roll - result - Rolled a 19 
Mon Nov 06 2023 22:27:50 EST - Character creation screen - 19 points to spend on character just generated 
